This is pdfTeX, Version 3.14159265-2.6-1.40.20 (TeX Live 2019/Debian) (preloaded format=pdflatex 2021.11.25)  17 DEC 2021 10:17
entering extended mode
 restricted \write18 enabled.
 %&-line parsing enabled.
**Gesteinsbestimmung.tex
(./Gesteinsbestimmung.tex
LaTeX2e <2020-02-02> patch level 2
L3 programming layer <2020-02-14>
(/usr/share/texlive/texmf-dist/tex/latex/koma-script/scrreprt.cls
Document Class: scrreprt 2020/01/24 v3.29 KOMA-Script document class (report)
(/usr/share/texlive/texmf-dist/tex/latex/koma-script/scrkbase.sty
Package: scrkbase 2020/01/24 v3.29 KOMA-Script package (KOMA-Script-dependent b
asics and keyval usage)

(/usr/share/texlive/texmf-dist/tex/latex/koma-script/scrbase.sty
Package: scrbase 2020/01/24 v3.29 KOMA-Script package (KOMA-Script-independent 
basics and keyval usage)

(/usr/share/texlive/texmf-dist/tex/latex/graphics/keyval.sty
Package: keyval 2014/10/28 v1.15 key=value parser (DPC)
\KV@toks@=\toks14
)
(/usr/share/texlive/texmf-dist/tex/latex/koma-script/scrlfile.sty
Package: scrlfile 2020/01/24 v3.29 KOMA-Script package (loading files)
)))
(/usr/share/texlive/texmf-dist/tex/latex/koma-script/tocbasic.sty
Package: tocbasic 2020/01/24 v3.29 KOMA-Script package (handling toc-files)
\scr@dte@tocline@numberwidth=\skip47
\scr@dte@tocline@numbox=\box45
)
Package tocbasic Info: omitting babel extension for `toc'
(tocbasic)             because of feature `nobabel' available
(tocbasic)             for `toc' on input line 137.
Package scrreprt Info: You've used standard option `12pt'.
(scrreprt)             This is correct!
(scrreprt)             Internally I'm using `fontsize=12pt'.
(scrreprt)             If you'd like to set the option with \KOMAoptions,
(scrreprt)             you'd have to use `fontsize=12pt' there
(scrreprt)             instead of `12pt', too.
Class scrreprt Info: File `scrsize12pt.clo' used to setup font sizes on input l
ine 2421.

(/usr/share/texlive/texmf-dist/tex/latex/koma-script/scrsize12pt.clo
File: scrsize12pt.clo 2020/01/24 v3.29 KOMA-Script font size class option (12pt
)
)
(/usr/share/texlive/texmf-dist/tex/latex/koma-script/typearea.sty
Package: typearea 2020/01/24 v3.29 KOMA-Script package (type area)
\ta@bcor=\skip48
\ta@div=\count167
\ta@hblk=\skip49
\ta@vblk=\skip50
\ta@temp=\skip51
\footheight=\skip52
Package typearea Info: These are the values describing the layout:
(typearea)             DIV  = 12
(typearea)             BCOR = 0.0pt
(typearea)             \paperwidth      = 597.50793pt
(typearea)              \textwidth      = 448.13095pt
(typearea)              DIV departure   = -6%
(typearea)              \evensidemargin = 2.4185pt
(typearea)              \oddsidemargin  = 2.4185pt
(typearea)             \paperheight     = 845.04694pt
(typearea)              \textheight     = 635.5pt
(typearea)              \topmargin      = -41.72441pt
(typearea)              \headheight     = 18.125pt
(typearea)              \headsep        = 21.75pt
(typearea)              \topskip        = 12.0pt
(typearea)              \footskip       = 50.75pt
(typearea)              \baselineskip   = 14.5pt
(typearea)              on input line 1719.
)
\c@part=\count168
\c@chapter=\count169
\c@section=\count170
\c@subsection=\count171
\c@subsubsection=\count172
\c@paragraph=\count173
\c@subparagraph=\count174
\scr@dte@chapter@maxnumwidth=\skip53
Class scrreprt Info: using compatibility default `afterindent=bysign'
(scrreprt)           for `\chapter on input line 5547.
\scr@dte@section@maxnumwidth=\skip54
Class scrreprt Info: using compatibility default `runin=bysign'
(scrreprt)           for `\section on input line 5557.
Class scrreprt Info: using compatibility default `afterindent=bysign'
(scrreprt)           for `\section on input line 5557.
\scr@dte@part@maxnumwidth=\skip55
Class scrreprt Info: using compatibility default `afterindent=true'
(scrreprt)           for `\part on input line 5566.
\scr@dte@subsection@maxnumwidth=\skip56
Class scrreprt Info: using compatibility default `runin=bysign'
(scrreprt)           for `\subsection on input line 5576.
Class scrreprt Info: using compatibility default `afterindent=bysign'
(scrreprt)           for `\subsection on input line 5576.
\scr@dte@subsubsection@maxnumwidth=\skip57
Class scrreprt Info: using compatibility default `runin=bysign'
(scrreprt)           for `\subsubsection on input line 5586.
Class scrreprt Info: using compatibility default `afterindent=bysign'
(scrreprt)           for `\subsubsection on input line 5586.
\scr@dte@paragraph@maxnumwidth=\skip58
Class scrreprt Info: using compatibility default `runin=bysign'
(scrreprt)           for `\paragraph on input line 5596.
Class scrreprt Info: using compatibility default `afterindent=bysign'
(scrreprt)           for `\paragraph on input line 5596.
\scr@dte@subparagraph@maxnumwidth=\skip59
Class scrreprt Info: using compatibility default `runin=bysign'
(scrreprt)           for `\subparagraph on input line 5606.
Class scrreprt Info: using compatibility default `afterindent=bysign'
(scrreprt)           for `\subparagraph on input line 5606.
\abovecaptionskip=\skip60
\belowcaptionskip=\skip61
\c@pti@nb@sid@b@x=\box46
Package tocbasic Info: omitting babel extension for `lof'
(tocbasic)             because of feature `nobabel' available
(tocbasic)             for `lof' on input line 6842.
\scr@dte@figure@maxnumwidth=\skip62
\c@figure=\count175
Package tocbasic Info: omitting babel extension for `lot'
(tocbasic)             because of feature `nobabel' available
(tocbasic)             for `lot' on input line 6859.
\scr@dte@table@maxnumwidth=\skip63
\c@table=\count176
Class scrreprt Info: Redefining `\numberline' on input line 7028.
\bibindent=\dimen134
)
(/usr/share/texlive/texmf-dist/tex/latex/amsmath/amsmath.sty
Package: amsmath 2020/01/20 v2.17e AMS math features
\@mathmargin=\skip64

For additional information on amsmath, use the `?' option.
(/usr/share/texlive/texmf-dist/tex/latex/amsmath/amstext.sty
Package: amstext 2000/06/29 v2.01 AMS text

(/usr/share/texlive/texmf-dist/tex/latex/amsmath/amsgen.sty
File: amsgen.sty 1999/11/30 v2.0 generic functions
\@emptytoks=\toks15
\ex@=\dimen135
))
(/usr/share/texlive/texmf-dist/tex/latex/amsmath/amsbsy.sty
Package: amsbsy 1999/11/29 v1.2d Bold Symbols
\pmbraise@=\dimen136
)
(/usr/share/texlive/texmf-dist/tex/latex/amsmath/amsopn.sty
Package: amsopn 2016/03/08 v2.02 operator names
)
\inf@bad=\count177
LaTeX Info: Redefining \frac on input line 227.
\uproot@=\count178
\leftroot@=\count179
LaTeX Info: Redefining \overline on input line 389.
\classnum@=\count180
\DOTSCASE@=\count181
LaTeX Info: Redefining \ldots on input line 486.
LaTeX Info: Redefining \dots on input line 489.
LaTeX Info: Redefining \cdots on input line 610.
\Mathstrutbox@=\box47
\strutbox@=\box48
\big@size=\dimen137
LaTeX Font Info:    Redeclaring font encoding OML on input line 733.
LaTeX Font Info:    Redeclaring font encoding OMS on input line 734.
\macc@depth=\count182
\c@MaxMatrixCols=\count183
\dotsspace@=\muskip16
\c@parentequation=\count184
\dspbrk@lvl=\count185
\tag@help=\toks16
\row@=\count186
\column@=\count187
\maxfields@=\count188
\andhelp@=\toks17
\eqnshift@=\dimen138
\alignsep@=\dimen139
\tagshift@=\dimen140
\tagwidth@=\dimen141
\totwidth@=\dimen142
\lineht@=\dimen143
\@envbody=\toks18
\multlinegap=\skip65
\multlinetaggap=\skip66
\mathdisplay@stack=\toks19
LaTeX Info: Redefining \[ on input line 2859.
LaTeX Info: Redefining \] on input line 2860.
)
(/usr/share/texlive/texmf-dist/tex/latex/base/fontenc.sty
Package: fontenc 2020/02/11 v2.0o Standard LaTeX package
)
(/usr/share/texlive/texmf-dist/tex/latex/base/inputenc.sty
Package: inputenc 2018/08/11 v1.3c Input encoding file
\inpenc@prehook=\toks20
\inpenc@posthook=\toks21
)
(/usr/share/texlive/texmf-dist/tex/latex/enumitem/enumitem.sty
Package: enumitem 2019/06/20 v3.9 Customized lists
\labelindent=\skip67
\enit@outerparindent=\dimen144
\enit@toks=\toks22
\enit@inbox=\box49
\enit@count@id=\count189
\enitdp@description=\count190
)
(/usr/share/texlive/texmf-dist/tex/latex/graphics/graphicx.sty
Package: graphicx 2019/11/30 v1.2a Enhanced LaTeX Graphics (DPC,SPQR)

(/usr/share/texlive/texmf-dist/tex/latex/graphics/graphics.sty
Package: graphics 2019/11/30 v1.4a Standard LaTeX Graphics (DPC,SPQR)

(/usr/share/texlive/texmf-dist/tex/latex/graphics/trig.sty
Package: trig 2016/01/03 v1.10 sin cos tan (DPC)
)
(/usr/share/texlive/texmf-dist/tex/latex/graphics-cfg/graphics.cfg
File: graphics.cfg 2016/06/04 v1.11 sample graphics configuration
)
Package graphics Info: Driver file: pdftex.def on input line 105.

(/usr/share/texlive/texmf-dist/tex/latex/graphics-def/pdftex.def
File: pdftex.def 2018/01/08 v1.0l Graphics/color driver for pdftex
))
\Gin@req@height=\dimen145
\Gin@req@width=\dimen146
)
(/usr/share/texlive/texmf-dist/tex/latex/base/fontenc.sty
Package: fontenc 2020/02/11 v2.0o Standard LaTeX package
)
(/usr/share/texlive/texmf-dist/tex/generic/babel/babel.sty
Package: babel 2020/02/14 3.40 The Babel package

(/usr/share/texlive/texmf-dist/tex/generic/babel/switch.def
File: switch.def 2020/02/14 3.40 Babel switching mechanism
)
(/usr/share/texlive/texmf-dist/tex/generic/babel-german/ngerman.ldf
Language: ngerman 2018/12/08 v2.11 German support for babel (post-1996 orthogra
phy)

(/usr/share/texlive/texmf-dist/tex/generic/babel-german/ngermanb.ldf
Language: ngermanb 2018/12/08 v2.11 German support for babel (post-1996 orthogr
aphy)

(/usr/share/texlive/texmf-dist/tex/generic/babel/babel.def
File: babel.def 2020/02/14 3.40 Babel common definitions
\babel@savecnt=\count191
\U@D=\dimen147

(/usr/share/texlive/texmf-dist/tex/generic/babel/txtbabel.def)
\bbl@readstream=\read2
\bbl@dirlevel=\count192
)
Package babel Info: Making " an active character on input line 121.
)))
(/usr/share/texlive/texmf-dist/tex/latex/hyperref/hyperref.sty
Package: hyperref 2020/01/14 v7.00d Hypertext links for LaTeX

(/usr/share/texlive/texmf-dist/tex/generic/ltxcmds/ltxcmds.sty
Package: ltxcmds 2019/12/15 v1.24 LaTeX kernel commands for general use (HO)
)
(/usr/share/texlive/texmf-dist/tex/generic/iftex/iftex.sty
Package: iftex 2019/11/07 v1.0c TeX engine tests
)
(/usr/share/texlive/texmf-dist/tex/latex/pdftexcmds/pdftexcmds.sty
Package: pdftexcmds 2019/11/24 v0.31 Utility functions of pdfTeX for LuaTeX (HO
)

(/usr/share/texlive/texmf-dist/tex/generic/infwarerr/infwarerr.sty
Package: infwarerr 2019/12/03 v1.5 Providing info/warning/error messages (HO)
)
Package pdftexcmds Info: \pdf@primitive is available.
Package pdftexcmds Info: \pdf@ifprimitive is available.
Package pdftexcmds Info: \pdfdraftmode found.
)
(/usr/share/texlive/texmf-dist/tex/generic/kvsetkeys/kvsetkeys.sty
Package: kvsetkeys 2019/12/15 v1.18 Key value parser (HO)
)
(/usr/share/texlive/texmf-dist/tex/generic/kvdefinekeys/kvdefinekeys.sty
Package: kvdefinekeys 2019-12-19 v1.6 Define keys (HO)
)
(/usr/share/texlive/texmf-dist/tex/generic/pdfescape/pdfescape.sty
Package: pdfescape 2019/12/09 v1.15 Implements pdfTeX's escape features (HO)
)
(/usr/share/texlive/texmf-dist/tex/latex/hycolor/hycolor.sty
Package: hycolor 2020-01-27 v1.10 Color options for hyperref/bookmark (HO)
)
(/usr/share/texlive/texmf-dist/tex/latex/letltxmacro/letltxmacro.sty
Package: letltxmacro 2019/12/03 v1.6 Let assignment for LaTeX macros (HO)
)
(/usr/share/texlive/texmf-dist/tex/latex/auxhook/auxhook.sty
Package: auxhook 2019-12-17 v1.6 Hooks for auxiliary files (HO)
)
(/usr/share/texlive/texmf-dist/tex/latex/kvoptions/kvoptions.sty
Package: kvoptions 2019/11/29 v3.13 Key value format for package options (HO)
)
\@linkdim=\dimen148
\Hy@linkcounter=\count193
\Hy@pagecounter=\count194

(/usr/share/texlive/texmf-dist/tex/latex/hyperref/pd1enc.def
File: pd1enc.def 2020/01/14 v7.00d Hyperref: PDFDocEncoding definition (HO)
Now handling font encoding PD1 ...
... no UTF-8 mapping file for font encoding PD1
)
(/usr/share/texlive/texmf-dist/tex/generic/intcalc/intcalc.sty
Package: intcalc 2019/12/15 v1.3 Expandable calculations with integers (HO)
)
(/usr/share/texlive/texmf-dist/tex/generic/etexcmds/etexcmds.sty
Package: etexcmds 2019/12/15 v1.7 Avoid name clashes with e-TeX commands (HO)
)
\Hy@SavedSpaceFactor=\count195
\pdfmajorversion=\count196
Package hyperref Info: Option `colorlinks' set `true' on input line 4421.
Package hyperref Info: Option `pdfpagelabels' set `true' on input line 4421.
Package hyperref Info: Option `bookmarksopen' set `true' on input line 4421.
Package hyperref Info: Option `bookmarksnumbered' set `true' on input line 4421
.
Package hyperref Info: Option `plainpages' set `false' on input line 4421.
Package hyperref Info: Option `hypertexnames' set `false' on input line 4421.
Package hyperref Info: Hyper figures OFF on input line 4547.
Package hyperref Info: Link nesting OFF on input line 4552.
Package hyperref Info: Hyper index ON on input line 4555.
Package hyperref Info: Plain pages OFF on input line 4562.
Package hyperref Info: Backreferencing OFF on input line 4567.
Package hyperref Info: Implicit mode ON; LaTeX internals redefined.
Package hyperref Info: Bookmarks ON on input line 4800.
\c@Hy@tempcnt=\count197

(/usr/share/texlive/texmf-dist/tex/latex/url/url.sty
\Urlmuskip=\muskip17
Package: url 2013/09/16  ver 3.4  Verb mode for urls, etc.
)
LaTeX Info: Redefining \url on input line 5159.
\XeTeXLinkMargin=\dimen149

(/usr/share/texlive/texmf-dist/tex/generic/bitset/bitset.sty
Package: bitset 2019/12/09 v1.3 Handle bit-vector datatype (HO)

(/usr/share/texlive/texmf-dist/tex/generic/bigintcalc/bigintcalc.sty
Package: bigintcalc 2019/12/15 v1.5 Expandable calculations on big integers (HO
)
))
\Fld@menulength=\count198
\Field@Width=\dimen150
\Fld@charsize=\dimen151
Package hyperref Info: Hyper figures OFF on input line 6430.
Package hyperref Info: Link nesting OFF on input line 6435.
Package hyperref Info: Hyper index ON on input line 6438.
Package hyperref Info: backreferencing OFF on input line 6445.
Package hyperref Info: Link coloring ON on input line 6448.
Package hyperref Info: Link coloring with OCG OFF on input line 6455.
Package hyperref Info: PDF/A mode OFF on input line 6460.
LaTeX Info: Redefining \ref on input line 6500.
LaTeX Info: Redefining \pageref on input line 6504.

(/usr/share/texlive/texmf-dist/tex/generic/atbegshi/atbegshi.sty
Package: atbegshi 2019/12/05 v1.19 At begin shipout hook (HO)
)
\Hy@abspage=\count199
\c@Item=\count266
\c@Hfootnote=\count267
)
Package hyperref Info: Driver (autodetected): hpdftex.

(/usr/share/texlive/texmf-dist/tex/latex/hyperref/hpdftex.def
File: hpdftex.def 2020/01/14 v7.00d Hyperref driver for pdfTeX

(/usr/share/texlive/texmf-dist/tex/latex/atveryend/atveryend.sty
Package: atveryend 2019-12-11 v1.11 Hooks at the very end of document (HO)
Package atveryend Info: \enddocument detected (standard20110627).
)
\Fld@listcount=\count268
\c@bookmark@seq@number=\count269

(/usr/share/texlive/texmf-dist/tex/latex/rerunfilecheck/rerunfilecheck.sty
Package: rerunfilecheck 2019/12/05 v1.9 Rerun checks for auxiliary files (HO)

(/usr/share/texlive/texmf-dist/tex/generic/uniquecounter/uniquecounter.sty
Package: uniquecounter 2019/12/15 v1.4 Provide unlimited unique counter (HO)
)
Package uniquecounter Info: New unique counter `rerunfilecheck' on input line 2
86.
)
\Hy@SectionHShift=\skip68
)
(/usr/share/texlive/texmf-dist/tex/latex/l3backend/l3backend-pdfmode.def
File: l3backend-pdfmode.def 2020-02-03 L3 backend support: PDF mode
\l__kernel_color_stack_int=\count270
\l__pdf_internal_box=\box50
)

LaTeX Warning: Unused global option(s):
    [a4].

(./Gesteinsbestimmung.aux)
\openout1 = `Gesteinsbestimmung.aux'.

LaTeX Font Info:    Checking defaults for OML/cmm/m/it on input line 29.
LaTeX Font Info:    ... okay on input line 29.
LaTeX Font Info:    Checking defaults for OMS/cmsy/m/n on input line 29.
LaTeX Font Info:    ... okay on input line 29.
LaTeX Font Info:    Checking defaults for OT1/cmr/m/n on input line 29.
LaTeX Font Info:    ... okay on input line 29.
LaTeX Font Info:    Checking defaults for T1/cmr/m/n on input line 29.
LaTeX Font Info:    ... okay on input line 29.
LaTeX Font Info:    Checking defaults for TS1/cmr/m/n on input line 29.
LaTeX Font Info:    ... okay on input line 29.
LaTeX Font Info:    Checking defaults for OMX/cmex/m/n on input line 29.
LaTeX Font Info:    ... okay on input line 29.
LaTeX Font Info:    Checking defaults for U/cmr/m/n on input line 29.
LaTeX Font Info:    ... okay on input line 29.
LaTeX Font Info:    Checking defaults for PD1/pdf/m/n on input line 29.
LaTeX Font Info:    ... okay on input line 29.

(/usr/share/texlive/texmf-dist/tex/context/base/mkii/supp-pdf.mkii
[Loading MPS to PDF converter (version 2006.09.02).]
\scratchcounter=\count271
\scratchdimen=\dimen152
\scratchbox=\box51
\nofMPsegments=\count272
\nofMParguments=\count273
\everyMPshowfont=\toks23
\MPscratchCnt=\count274
\MPscratchDim=\dimen153
\MPnumerator=\count275
\makeMPintoPDFobject=\count276
\everyMPtoPDFconversion=\toks24
) (/usr/share/texlive/texmf-dist/tex/latex/epstopdf-pkg/epstopdf-base.sty
Package: epstopdf-base 2020-01-24 v2.11 Base part for package epstopdf
Package epstopdf-base Info: Redefining graphics rule for `.eps' on input line 4
85.

(/usr/share/texlive/texmf-dist/tex/latex/latexconfig/epstopdf-sys.cfg
File: epstopdf-sys.cfg 2010/07/13 v1.3 Configuration of (r)epstopdf for TeX Liv
e
))
\AtBeginShipoutBox=\box52

(/usr/share/texlive/texmf-dist/tex/latex/graphics/color.sty
Package: color 2019/11/23 v1.2a Standard LaTeX Color (DPC)

(/usr/share/texlive/texmf-dist/tex/latex/graphics-cfg/color.cfg
File: color.cfg 2016/01/02 v1.6 sample color configuration
)
Package color Info: Driver file: pdftex.def on input line 147.
)
Package hyperref Info: Link coloring ON on input line 29.

(/usr/share/texlive/texmf-dist/tex/latex/hyperref/nameref.sty
Package: nameref 2019/09/16 v2.46 Cross-referencing by name of section

(/usr/share/texlive/texmf-dist/tex/latex/refcount/refcount.sty
Package: refcount 2019/12/15 v3.6 Data extraction from label references (HO)
)
(/usr/share/texlive/texmf-dist/tex/generic/gettitlestring/gettitlestring.sty
Package: gettitlestring 2019/12/15 v1.6 Cleanup title references (HO)
)
\c@section@level=\count277
)
LaTeX Info: Redefining \ref on input line 29.
LaTeX Info: Redefining \pageref on input line 29.
LaTeX Info: Redefining \nameref on input line 29.

(./Gesteinsbestimmung.out) (./Gesteinsbestimmung.out)
\@outlinefile=\write3
\openout3 = `Gesteinsbestimmung.out'.

Class scrreprt Info: loading recommended package `bookmark'.
(scrreprt)           Using `bookmark' together with `hyperref' is recommended,
(scrreprt)           because of handling of possible bookmark level gaps.
(scrreprt)           You can avoid loading `bookmark' with KOMA-Script option
(scrreprt)           `bookmarkpackage=false' before \begin{document} and
(scrreprt)           you can avoid this message adding:
(scrreprt)             \usepackage{bookmark}
(scrreprt)           before \begin{document} on input line 29.

(/usr/share/texlive/texmf-dist/tex/latex/bookmark/bookmark.sty
Package: bookmark 2019/12/03 v1.28 PDF bookmarks (HO)

(/usr/share/texlive/texmf-dist/tex/latex/bookmark/bkm-pdftex.def
File: bkm-pdftex.def 2019/12/03 v1.28 bookmark driver for pdfTeX (HO)
Package auxhook Info: \AddLineBeginMainAux comes a little late,
(auxhook)             because the main .aux file is already opened on input lin
e 168.
\BKM@id=\count278
))
LaTeX Font Info:    Trying to load font information for T1+cmss on input line 3
1.

(/usr/share/texlive/texmf-dist/tex/latex/base/t1cmss.fd
File: t1cmss.fd 2019/12/16 v2.5j Standard LaTeX font definitions
)
(./Gesteinsbestimmung.toc [1


{/var/lib/texmf/fonts/map/pdftex/updmap/pdftex.map}])
\tf@toc=\write4
\openout4 = `Gesteinsbestimmung.toc'.

 [2]
part I.
Package scrkbase Info: You've told me to use the font selection of the element
(scrkbase)             `partprefix' that is an alias of element `partnumber'
(scrkbase)              on input line 35.
[3

]
chapter 1.
[4

]
chapter 2.

Underfull \hbox (badness 10000) in paragraph at lines 87--88

 []

</home/joni/Schreibtisch/Uni/Mittschriften/Bausteine Der Erde/Bilder/Sedimentbi
ldung.png, id=132, 504.38437pt x 236.38312pt>
File: /home/joni/Schreibtisch/Uni/Mittschriften/Bausteine Der Erde/Bilder/Sedim
entbildung.png Graphic file (type png)
<use /home/joni/Schreibtisch/Uni/Mittschriften/Bausteine Der Erde/Bilder/Sedime
ntbildung.png>
Package pdftex.def Info: /home/joni/Schreibtisch/Uni/Mittschriften/Bausteine De
r Erde/Bilder/Sedimentbildung.png  used on input line 113.
(pdftex.def)             Requested size: 358.50612pt x 168.01714pt.
[5

]
Overfull \hbox (8.93433pt too wide) in paragraph at lines 119--120
[]\T1/cmr/m/n/12 Mineralogie des Ausgangs-Sediments (chem./physikal. Sta-bi-li-
tät, re-ak-ti-ve Ober-
 []


Overfull \hbox (8.22688pt too wide) in paragraph at lines 146--153
[] 
 []

[6 </home/joni/Schreibtisch/Uni/Mittschriften/Bausteine Der Erde/Bilder/Sedimen
tbildung.png (PNG copy)>] [7]
part II.
Package scrkbase Info: You've told me to use the font selection of the element
(scrkbase)             `partprefix' that is an alias of element `partnumber'
(scrkbase)              on input line 165.
[8

]
chapter 3.
[9

]
chapter 4.
[10

]
chapter 5.
</home/joni/Schreibtisch/Uni/Mittschriften/Bausteine Der Erde/Bilder/Sedimentun
terteilung.png, id=166, 947.03813pt x 395.22656pt>
File: /home/joni/Schreibtisch/Uni/Mittschriften/Bausteine Der Erde/Bilder/Sedim
entunterteilung.png Graphic file (type png)
<use /home/joni/Schreibtisch/Uni/Mittschriften/Bausteine Der Erde/Bilder/Sedime
ntunterteilung.png>
Package pdftex.def Info: /home/joni/Schreibtisch/Uni/Mittschriften/Bausteine De
r Erde/Bilder/Sedimentunterteilung.png  used on input line 196.
(pdftex.def)             Requested size: 358.50612pt x 149.61473pt.
</home/joni/Schreibtisch/Uni/Mittschriften/Bausteine Der Erde/Bilder/Rundungsgr
ad.png, id=167, 1115.66812pt x 327.47343pt>
File: /home/joni/Schreibtisch/Uni/Mittschriften/Bausteine Der Erde/Bilder/Rundu
ngsgrad.png Graphic file (type png)
<use /home/joni/Schreibtisch/Uni/Mittschriften/Bausteine Der Erde/Bilder/Rundun
gsgrad.png>
Package pdftex.def Info: /home/joni/Schreibtisch/Uni/Mittschriften/Bausteine De
r Erde/Bilder/Rundungsgrad.png  used on input line 218.
(pdftex.def)             Requested size: 358.50612pt x 105.22836pt.

Underfull \hbox (badness 10000) in paragraph at lines 199--219

 []

[11

 </home/joni/Schreibtisch/Uni/Mittschriften/Bausteine Der Erde/Bilder/Sedimentu
nterteilung.png (PNG copy)>]
</home/joni/Schreibtisch/Uni/Mittschriften/Bausteine Der Erde/Bilder/Kornverban
d_Sediment.png, id=172, 1115.66812pt x 310.91156pt>
File: /home/joni/Schreibtisch/Uni/Mittschriften/Bausteine Der Erde/Bilder/Kornv
erband_Sediment.png Graphic file (type png)
<use /home/joni/Schreibtisch/Uni/Mittschriften/Bausteine Der Erde/Bilder/Kornve
rband_Sediment.png>
Package pdftex.def Info: /home/joni/Schreibtisch/Uni/Mittschriften/Bausteine De
r Erde/Bilder/Kornverband_Sediment.png  used on input line 223.
(pdftex.def)             Requested size: 358.50612pt x 99.90646pt.

Underfull \hbox (badness 10000) in paragraph at lines 223--224

 []


Underfull \hbox (badness 10000) in paragraph at lines 233--233
[]\T1/cmr/m/n/12 diagenetisch
 []


Underfull \hbox (badness 3514) in paragraph at lines 233--234
\T1/cmr/m/n/12 pro-duk-te, die im Raum zwi-
 []


Underfull \hbox (badness 6658) in paragraph at lines 233--234
\T1/cmr/m/n/12 schen den ein-zel-nen Kör-nern
 []


Underfull \hbox (badness 3557) in paragraph at lines 233--234
\T1/cmr/m/n/12 (In-ter-gra-nu-lar-raum) ei-nes (Lo-
 []


Underfull \hbox (badness 1377) in paragraph at lines 233--234
\T1/cmr/m/n/12 la-ge-rung ge-bil-det wur-den, d.h.
 []


Overfull \hbox (17.74849pt too wide) in paragraph at lines 232--235
[][] 
 []

[12 </home/joni/Schreibtisch/Uni/Mittschriften/Bausteine Der Erde/Bilder/Rundun
gsgrad.png (PNG copy)> </home/joni/Schreibtisch/Uni/Mittschriften/Bausteine Der
 Erde/Bilder/Kornverband_Sediment.png (PNG copy)>]
Underfull \hbox (badness 10000) in paragraph at lines 250--262

 []

[13]
part III.
Package scrkbase Info: You've told me to use the font selection of the element
(scrkbase)             `partprefix' that is an alias of element `partnumber'
(scrkbase)              on input line 264.
[14

]
chapter 6.
[15

]
chapter 7.
[16

]
Underfull \hbox (badness 10000) in paragraph at lines 354--355

 []

[17] [18]
chapter 8.
[19

] [20]
chapter 9.
[21

]
chapter 10.
</home/joni/Schreibtisch/Uni/Mittschriften/Bausteine Der Erde/Bilder/Bestimmung
sDrachenviereck.png, id=225, 441.14813pt x 624.08156pt>
File: /home/joni/Schreibtisch/Uni/Mittschriften/Bausteine Der Erde/Bilder/Besti
mmungsDrachenviereck.png Graphic file (type png)
<use /home/joni/Schreibtisch/Uni/Mittschriften/Bausteine Der Erde/Bilder/Bestim
mungsDrachenviereck.png>
Package pdftex.def Info: /home/joni/Schreibtisch/Uni/Mittschriften/Bausteine De
r Erde/Bilder/BestimmungsDrachenviereck.png  used on input line 533.
(pdftex.def)             Requested size: 313.69029pt x 443.78664pt.
</home/joni/Schreibtisch/Uni/Mittschriften/Bausteine Der Erde/Bilder/Plagioklas
benennung.png, id=226, 725.71124pt x 509.65407pt>
File: /home/joni/Schreibtisch/Uni/Mittschriften/Bausteine Der Erde/Bilder/Plagi
oklasbenennung.png Graphic file (type png)
<use /home/joni/Schreibtisch/Uni/Mittschriften/Bausteine Der Erde/Bilder/Plagio
klasbenennung.png>
Package pdftex.def Info: /home/joni/Schreibtisch/Uni/Mittschriften/Bausteine De
r Erde/Bilder/Plagioklasbenennung.png  used on input line 537.
(pdftex.def)             Requested size: 358.50612pt x 251.77794pt.
[22

 </home/joni/Schreibtisch/Uni/Mittschriften/Bausteine Der Erde/Bilder/Bestimmun
gsDrachenviereck.png (PNG copy)>]
</home/joni/Schreibtisch/Uni/Mittschriften/Bausteine Der Erde/Bilder/ultramafis
che_Benennung.png, id=232, 709.90219pt x 469.755pt>
File: /home/joni/Schreibtisch/Uni/Mittschriften/Bausteine Der Erde/Bilder/ultra
mafische_Benennung.png Graphic file (type png)
<use /home/joni/Schreibtisch/Uni/Mittschriften/Bausteine Der Erde/Bilder/ultram
afische_Benennung.png>
Package pdftex.def Info: /home/joni/Schreibtisch/Uni/Mittschriften/Bausteine De
r Erde/Bilder/ultramafische_Benennung.png  used on input line 541.
(pdftex.def)             Requested size: 358.50612pt x 237.23515pt.
 [23 </home/joni/Schreibtisch/Uni/Mittschriften/Bausteine Der Erde/Bilder/Plagi
oklasbenennung.png (PNG copy)> </home/joni/Schreibtisch/Uni/Mittschriften/Baust
eine Der Erde/Bilder/ultramafische_Benennung.png (PNG copy)>]
part IV.
Package scrkbase Info: You've told me to use the font selection of the element
(scrkbase)             `partprefix' that is an alias of element `partnumber'
(scrkbase)              on input line 544.
[24

]
chapter 11.

Underfull \hbox (badness 1331) in paragraph at lines 554--555
[]\T1/cmr/m/n/12 einheitliche phy-si-ka-li-sche/chemische Ei-gen-schaf-
 []


Overfull \hbox (9.16183pt too wide) in paragraph at lines 552--561
[][]| 
 []


Underfull \hbox (badness 1142) in paragraph at lines 570--570
[]\T1/cmr/m/n/12 Benennung von Ge-stei-nen
 []


Underfull \hbox (badness 10000) in paragraph at lines 581--581
[]\T1/cmr/m/n/12 lockere Py-ro-
 []


Underfull \hbox (badness 1092) in paragraph at lines 582--583
\T1/cmr/m/n/12 Asche-kör-nern, La-pi-li oder Blö-
 []


Overfull \hbox (250.2524pt too wide) in paragraph at lines 584--590
[][]| 
 []


Overfull \hbox (19.11313pt too wide) in paragraph at lines 548--593
[] 
 []

Package atveryend Info: Empty hook `BeforeClearDocument' on input line 599.
[25

] [26]
Package atveryend Info: Empty hook `AfterLastShipout' on input line 599.
 (./Gesteinsbestimmung.aux)
Package atveryend Info: Executing hook `AtVeryEndDocument' on input line 599.
Package atveryend Info: Executing hook `AtEndAfterFileList' on input line 599.
Package rerunfilecheck Info: File `Gesteinsbestimmung.out' has not changed.
(rerunfilecheck)             Checksum: D41D8CD98F00B204E9800998ECF8427E;0.
Package atveryend Info: Empty hook `AtVeryVeryEnd' on input line 599.
 ) 
Here is how much of TeX's memory you used:
 10255 strings out of 483089
 177585 string characters out of 5962867
 570231 words of memory out of 5000000
 25032 multiletter control sequences out of 15000+600000
 542240 words of font info for 45 fonts, out of 8000000 for 9000
 36 hyphenation exceptions out of 8191
 43i,24n,72p,10113b,568s stack positions out of 5000i,500n,10000p,200000b,80000s
 </home/joni/.texlive2019/texmf-var/fonts/pk/ljfour/jknappen/ec/ecbx1200.600p
k> </home/joni/.texlive2019/texmf-var/fonts/pk/ljfour/jknappen/ec/ecsx1728.600p
k> </home/joni/.texlive2019/texmf-var/fonts/pk/ljfour/jknappen/ec/tcrm1200.600p
k> </home/joni/.texlive2019/texmf-var/fonts/pk/ljfour/jknappen/ec/ecrm1200.600p
k> </home/joni/.texlive2019/texmf-var/fonts/pk/ljfour/jknappen/ec/ecsx1200.600p
k> </home/joni/.texlive2019/texmf-var/fonts/pk/ljfour/jknappen/ec/ecsx1440.600p
k> </home/joni/.texlive2019/texmf-var/fonts/pk/ljfour/jknappen/ec/ecsx2488.600p
k></usr/share/texlive/texmf-dist/fonts/type1/public/amsfonts/cm/cmmi12.pfb></us
r/share/texlive/texmf-dist/fonts/type1/public/amsfonts/cm/cmr8.pfb></usr/share/
texlive/texmf-dist/fonts/type1/public/amsfonts/cm/cmsy10.pfb>
Output written on Gesteinsbestimmung.pdf (26 pages, 1712459 bytes).
PDF statistics:
 751 PDF objects out of 1000 (max. 8388607)
 420 compressed objects within 5 object streams
 96 named destinations out of 1000 (max. 500000)
 444 words of extra memory for PDF output out of 10000 (max. 10000000)

