This is pdfTeX, Version 3.14159265-2.6-1.40.20 (TeX Live 2019/Debian) (preloaded format=pdflatex 2021.11.25)  13 DEC 2021 14:23
entering extended mode
 restricted \write18 enabled.
 %&-line parsing enabled.
**"Systhem Erde.tex"
(./Systhem Erde.tex
LaTeX2e <2020-02-02> patch level 2
L3 programming layer <2020-02-14>
(/usr/share/texlive/texmf-dist/tex/latex/koma-script/scrreprt.cls
Document Class: scrreprt 2020/01/24 v3.29 KOMA-Script document class (report)
(/usr/share/texlive/texmf-dist/tex/latex/koma-script/scrkbase.sty
Package: scrkbase 2020/01/24 v3.29 KOMA-Script package (KOMA-Script-dependent b
asics and keyval usage)

(/usr/share/texlive/texmf-dist/tex/latex/koma-script/scrbase.sty
Package: scrbase 2020/01/24 v3.29 KOMA-Script package (KOMA-Script-independent 
basics and keyval usage)

(/usr/share/texlive/texmf-dist/tex/latex/graphics/keyval.sty
Package: keyval 2014/10/28 v1.15 key=value parser (DPC)
\KV@toks@=\toks14
)
(/usr/share/texlive/texmf-dist/tex/latex/koma-script/scrlfile.sty
Package: scrlfile 2020/01/24 v3.29 KOMA-Script package (loading files)
)))
(/usr/share/texlive/texmf-dist/tex/latex/koma-script/tocbasic.sty
Package: tocbasic 2020/01/24 v3.29 KOMA-Script package (handling toc-files)
\scr@dte@tocline@numberwidth=\skip47
\scr@dte@tocline@numbox=\box45
)
Package tocbasic Info: omitting babel extension for `toc'
(tocbasic)             because of feature `nobabel' available
(tocbasic)             for `toc' on input line 137.
Package scrreprt Info: You've used standard option `12pt'.
(scrreprt)             This is correct!
(scrreprt)             Internally I'm using `fontsize=12pt'.
(scrreprt)             If you'd like to set the option with \KOMAoptions,
(scrreprt)             you'd have to use `fontsize=12pt' there
(scrreprt)             instead of `12pt', too.
Class scrreprt Info: File `scrsize12pt.clo' used to setup font sizes on input l
ine 2421.

(/usr/share/texlive/texmf-dist/tex/latex/koma-script/scrsize12pt.clo
File: scrsize12pt.clo 2020/01/24 v3.29 KOMA-Script font size class option (12pt
)
)
(/usr/share/texlive/texmf-dist/tex/latex/koma-script/typearea.sty
Package: typearea 2020/01/24 v3.29 KOMA-Script package (type area)
\ta@bcor=\skip48
\ta@div=\count167
\ta@hblk=\skip49
\ta@vblk=\skip50
\ta@temp=\skip51
\footheight=\skip52
Package typearea Info: These are the values describing the layout:
(typearea)             DIV  = 12
(typearea)             BCOR = 0.0pt
(typearea)             \paperwidth      = 597.50793pt
(typearea)              \textwidth      = 448.13095pt
(typearea)              DIV departure   = -6%
(typearea)              \evensidemargin = 2.4185pt
(typearea)              \oddsidemargin  = 2.4185pt
(typearea)             \paperheight     = 845.04694pt
(typearea)              \textheight     = 635.5pt
(typearea)              \topmargin      = -41.72441pt
(typearea)              \headheight     = 18.125pt
(typearea)              \headsep        = 21.75pt
(typearea)              \topskip        = 12.0pt
(typearea)              \footskip       = 50.75pt
(typearea)              \baselineskip   = 14.5pt
(typearea)              on input line 1719.
)
\c@part=\count168
\c@chapter=\count169
\c@section=\count170
\c@subsection=\count171
\c@subsubsection=\count172
\c@paragraph=\count173
\c@subparagraph=\count174
\scr@dte@chapter@maxnumwidth=\skip53
Class scrreprt Info: using compatibility default `afterindent=bysign'
(scrreprt)           for `\chapter on input line 5547.
\scr@dte@section@maxnumwidth=\skip54
Class scrreprt Info: using compatibility default `runin=bysign'
(scrreprt)           for `\section on input line 5557.
Class scrreprt Info: using compatibility default `afterindent=bysign'
(scrreprt)           for `\section on input line 5557.
\scr@dte@part@maxnumwidth=\skip55
Class scrreprt Info: using compatibility default `afterindent=true'
(scrreprt)           for `\part on input line 5566.
\scr@dte@subsection@maxnumwidth=\skip56
Class scrreprt Info: using compatibility default `runin=bysign'
(scrreprt)           for `\subsection on input line 5576.
Class scrreprt Info: using compatibility default `afterindent=bysign'
(scrreprt)           for `\subsection on input line 5576.
\scr@dte@subsubsection@maxnumwidth=\skip57
Class scrreprt Info: using compatibility default `runin=bysign'
(scrreprt)           for `\subsubsection on input line 5586.
Class scrreprt Info: using compatibility default `afterindent=bysign'
(scrreprt)           for `\subsubsection on input line 5586.
\scr@dte@paragraph@maxnumwidth=\skip58
Class scrreprt Info: using compatibility default `runin=bysign'
(scrreprt)           for `\paragraph on input line 5596.
Class scrreprt Info: using compatibility default `afterindent=bysign'
(scrreprt)           for `\paragraph on input line 5596.
\scr@dte@subparagraph@maxnumwidth=\skip59
Class scrreprt Info: using compatibility default `runin=bysign'
(scrreprt)           for `\subparagraph on input line 5606.
Class scrreprt Info: using compatibility default `afterindent=bysign'
(scrreprt)           for `\subparagraph on input line 5606.
\abovecaptionskip=\skip60
\belowcaptionskip=\skip61
\c@pti@nb@sid@b@x=\box46
Package tocbasic Info: omitting babel extension for `lof'
(tocbasic)             because of feature `nobabel' available
(tocbasic)             for `lof' on input line 6842.
\scr@dte@figure@maxnumwidth=\skip62
\c@figure=\count175
Package tocbasic Info: omitting babel extension for `lot'
(tocbasic)             because of feature `nobabel' available
(tocbasic)             for `lot' on input line 6859.
\scr@dte@table@maxnumwidth=\skip63
\c@table=\count176
Class scrreprt Info: Redefining `\numberline' on input line 7028.
\bibindent=\dimen134
)
(/usr/share/texlive/texmf-dist/tex/latex/amsmath/amsmath.sty
Package: amsmath 2020/01/20 v2.17e AMS math features
\@mathmargin=\skip64

For additional information on amsmath, use the `?' option.
(/usr/share/texlive/texmf-dist/tex/latex/amsmath/amstext.sty
Package: amstext 2000/06/29 v2.01 AMS text

(/usr/share/texlive/texmf-dist/tex/latex/amsmath/amsgen.sty
File: amsgen.sty 1999/11/30 v2.0 generic functions
\@emptytoks=\toks15
\ex@=\dimen135
))
(/usr/share/texlive/texmf-dist/tex/latex/amsmath/amsbsy.sty
Package: amsbsy 1999/11/29 v1.2d Bold Symbols
\pmbraise@=\dimen136
)
(/usr/share/texlive/texmf-dist/tex/latex/amsmath/amsopn.sty
Package: amsopn 2016/03/08 v2.02 operator names
)
\inf@bad=\count177
LaTeX Info: Redefining \frac on input line 227.
\uproot@=\count178
\leftroot@=\count179
LaTeX Info: Redefining \overline on input line 389.
\classnum@=\count180
\DOTSCASE@=\count181
LaTeX Info: Redefining \ldots on input line 486.
LaTeX Info: Redefining \dots on input line 489.
LaTeX Info: Redefining \cdots on input line 610.
\Mathstrutbox@=\box47
\strutbox@=\box48
\big@size=\dimen137
LaTeX Font Info:    Redeclaring font encoding OML on input line 733.
LaTeX Font Info:    Redeclaring font encoding OMS on input line 734.
\macc@depth=\count182
\c@MaxMatrixCols=\count183
\dotsspace@=\muskip16
\c@parentequation=\count184
\dspbrk@lvl=\count185
\tag@help=\toks16
\row@=\count186
\column@=\count187
\maxfields@=\count188
\andhelp@=\toks17
\eqnshift@=\dimen138
\alignsep@=\dimen139
\tagshift@=\dimen140
\tagwidth@=\dimen141
\totwidth@=\dimen142
\lineht@=\dimen143
\@envbody=\toks18
\multlinegap=\skip65
\multlinetaggap=\skip66
\mathdisplay@stack=\toks19
LaTeX Info: Redefining \[ on input line 2859.
LaTeX Info: Redefining \] on input line 2860.
)
(/usr/share/texlive/texmf-dist/tex/latex/makecell/makecell.sty
Package: makecell 2009/08/03 V0.1e Managing of Tab Column Heads and Cells

(/usr/share/texlive/texmf-dist/tex/latex/tools/array.sty
Package: array 2019/08/31 v2.4l Tabular extension package (FMi)
\col@sep=\dimen144
\ar@mcellbox=\box49
\extrarowheight=\dimen145
\NC@list=\toks20
\extratabsurround=\skip67
\backup@length=\skip68
\ar@cellbox=\box50
)
\rotheadsize=\dimen146
\c@nlinenum=\count189
\TeXr@lab=\toks21
)
(/usr/share/texlive/texmf-dist/tex/latex/graphics/graphicx.sty
Package: graphicx 2019/11/30 v1.2a Enhanced LaTeX Graphics (DPC,SPQR)

(/usr/share/texlive/texmf-dist/tex/latex/graphics/graphics.sty
Package: graphics 2019/11/30 v1.4a Standard LaTeX Graphics (DPC,SPQR)

(/usr/share/texlive/texmf-dist/tex/latex/graphics/trig.sty
Package: trig 2016/01/03 v1.10 sin cos tan (DPC)
)
(/usr/share/texlive/texmf-dist/tex/latex/graphics-cfg/graphics.cfg
File: graphics.cfg 2016/06/04 v1.11 sample graphics configuration
)
Package graphics Info: Driver file: pdftex.def on input line 105.

(/usr/share/texlive/texmf-dist/tex/latex/graphics-def/pdftex.def
File: pdftex.def 2018/01/08 v1.0l Graphics/color driver for pdftex
))
\Gin@req@height=\dimen147
\Gin@req@width=\dimen148
)
(/usr/share/texlive/texmf-dist/tex/latex/base/fontenc.sty
Package: fontenc 2020/02/11 v2.0o Standard LaTeX package
)
(/usr/share/texlive/texmf-dist/tex/generic/babel/babel.sty
Package: babel 2020/02/14 3.40 The Babel package

(/usr/share/texlive/texmf-dist/tex/generic/babel/switch.def
File: switch.def 2020/02/14 3.40 Babel switching mechanism
)
(/usr/share/texlive/texmf-dist/tex/generic/babel-german/ngerman.ldf
Language: ngerman 2018/12/08 v2.11 German support for babel (post-1996 orthogra
phy)

(/usr/share/texlive/texmf-dist/tex/generic/babel-german/ngermanb.ldf
Language: ngermanb 2018/12/08 v2.11 German support for babel (post-1996 orthogr
aphy)

(/usr/share/texlive/texmf-dist/tex/generic/babel/babel.def
File: babel.def 2020/02/14 3.40 Babel common definitions
\babel@savecnt=\count190
\U@D=\dimen149

(/usr/share/texlive/texmf-dist/tex/generic/babel/txtbabel.def)
\bbl@readstream=\read2
\bbl@dirlevel=\count191
)
Package babel Info: Making " an active character on input line 121.
)))
(/usr/share/texlive/texmf-dist/tex/latex/hyperref/hyperref.sty
Package: hyperref 2020/01/14 v7.00d Hypertext links for LaTeX

(/usr/share/texlive/texmf-dist/tex/generic/ltxcmds/ltxcmds.sty
Package: ltxcmds 2019/12/15 v1.24 LaTeX kernel commands for general use (HO)
)
(/usr/share/texlive/texmf-dist/tex/generic/iftex/iftex.sty
Package: iftex 2019/11/07 v1.0c TeX engine tests
)
(/usr/share/texlive/texmf-dist/tex/latex/pdftexcmds/pdftexcmds.sty
Package: pdftexcmds 2019/11/24 v0.31 Utility functions of pdfTeX for LuaTeX (HO
)

(/usr/share/texlive/texmf-dist/tex/generic/infwarerr/infwarerr.sty
Package: infwarerr 2019/12/03 v1.5 Providing info/warning/error messages (HO)
)
Package pdftexcmds Info: \pdf@primitive is available.
Package pdftexcmds Info: \pdf@ifprimitive is available.
Package pdftexcmds Info: \pdfdraftmode found.
)
(/usr/share/texlive/texmf-dist/tex/generic/kvsetkeys/kvsetkeys.sty
Package: kvsetkeys 2019/12/15 v1.18 Key value parser (HO)
)
(/usr/share/texlive/texmf-dist/tex/generic/kvdefinekeys/kvdefinekeys.sty
Package: kvdefinekeys 2019-12-19 v1.6 Define keys (HO)
)
(/usr/share/texlive/texmf-dist/tex/generic/pdfescape/pdfescape.sty
Package: pdfescape 2019/12/09 v1.15 Implements pdfTeX's escape features (HO)
)
(/usr/share/texlive/texmf-dist/tex/latex/hycolor/hycolor.sty
Package: hycolor 2020-01-27 v1.10 Color options for hyperref/bookmark (HO)
)
(/usr/share/texlive/texmf-dist/tex/latex/letltxmacro/letltxmacro.sty
Package: letltxmacro 2019/12/03 v1.6 Let assignment for LaTeX macros (HO)
)
(/usr/share/texlive/texmf-dist/tex/latex/auxhook/auxhook.sty
Package: auxhook 2019-12-17 v1.6 Hooks for auxiliary files (HO)
)
(/usr/share/texlive/texmf-dist/tex/latex/kvoptions/kvoptions.sty
Package: kvoptions 2019/11/29 v3.13 Key value format for package options (HO)
)
\@linkdim=\dimen150
\Hy@linkcounter=\count192
\Hy@pagecounter=\count193

(/usr/share/texlive/texmf-dist/tex/latex/hyperref/pd1enc.def
File: pd1enc.def 2020/01/14 v7.00d Hyperref: PDFDocEncoding definition (HO)
Now handling font encoding PD1 ...
... no UTF-8 mapping file for font encoding PD1
)
(/usr/share/texlive/texmf-dist/tex/generic/intcalc/intcalc.sty
Package: intcalc 2019/12/15 v1.3 Expandable calculations with integers (HO)
)
(/usr/share/texlive/texmf-dist/tex/generic/etexcmds/etexcmds.sty
Package: etexcmds 2019/12/15 v1.7 Avoid name clashes with e-TeX commands (HO)
)
\Hy@SavedSpaceFactor=\count194
\pdfmajorversion=\count195
Package hyperref Info: Option `colorlinks' set `true' on input line 4421.
Package hyperref Info: Option `pdfpagelabels' set `true' on input line 4421.
Package hyperref Info: Option `bookmarksopen' set `true' on input line 4421.
Package hyperref Info: Option `bookmarksnumbered' set `true' on input line 4421
.
Package hyperref Info: Option `plainpages' set `false' on input line 4421.
Package hyperref Info: Option `hypertexnames' set `false' on input line 4421.
Package hyperref Info: Hyper figures OFF on input line 4547.
Package hyperref Info: Link nesting OFF on input line 4552.
Package hyperref Info: Hyper index ON on input line 4555.
Package hyperref Info: Plain pages OFF on input line 4562.
Package hyperref Info: Backreferencing OFF on input line 4567.
Package hyperref Info: Implicit mode ON; LaTeX internals redefined.
Package hyperref Info: Bookmarks ON on input line 4800.
\c@Hy@tempcnt=\count196

(/usr/share/texlive/texmf-dist/tex/latex/url/url.sty
\Urlmuskip=\muskip17
Package: url 2013/09/16  ver 3.4  Verb mode for urls, etc.
)
LaTeX Info: Redefining \url on input line 5159.
\XeTeXLinkMargin=\dimen151

(/usr/share/texlive/texmf-dist/tex/generic/bitset/bitset.sty
Package: bitset 2019/12/09 v1.3 Handle bit-vector datatype (HO)

(/usr/share/texlive/texmf-dist/tex/generic/bigintcalc/bigintcalc.sty
Package: bigintcalc 2019/12/15 v1.5 Expandable calculations on big integers (HO
)
))
\Fld@menulength=\count197
\Field@Width=\dimen152
\Fld@charsize=\dimen153
Package hyperref Info: Hyper figures OFF on input line 6430.
Package hyperref Info: Link nesting OFF on input line 6435.
Package hyperref Info: Hyper index ON on input line 6438.
Package hyperref Info: backreferencing OFF on input line 6445.
Package hyperref Info: Link coloring ON on input line 6448.
Package hyperref Info: Link coloring with OCG OFF on input line 6455.
Package hyperref Info: PDF/A mode OFF on input line 6460.
LaTeX Info: Redefining \ref on input line 6500.
LaTeX Info: Redefining \pageref on input line 6504.

(/usr/share/texlive/texmf-dist/tex/generic/atbegshi/atbegshi.sty
Package: atbegshi 2019/12/05 v1.19 At begin shipout hook (HO)
)
\Hy@abspage=\count198
\c@Item=\count199
\c@Hfootnote=\count266
)
Package hyperref Info: Driver (autodetected): hpdftex.

(/usr/share/texlive/texmf-dist/tex/latex/hyperref/hpdftex.def
File: hpdftex.def 2020/01/14 v7.00d Hyperref driver for pdfTeX

(/usr/share/texlive/texmf-dist/tex/latex/atveryend/atveryend.sty
Package: atveryend 2019-12-11 v1.11 Hooks at the very end of document (HO)
Package atveryend Info: \enddocument detected (standard20110627).
)
\Fld@listcount=\count267
\c@bookmark@seq@number=\count268

(/usr/share/texlive/texmf-dist/tex/latex/rerunfilecheck/rerunfilecheck.sty
Package: rerunfilecheck 2019/12/05 v1.9 Rerun checks for auxiliary files (HO)

(/usr/share/texlive/texmf-dist/tex/generic/uniquecounter/uniquecounter.sty
Package: uniquecounter 2019/12/15 v1.4 Provide unlimited unique counter (HO)
)
Package uniquecounter Info: New unique counter `rerunfilecheck' on input line 2
86.
)
\Hy@SectionHShift=\skip69
)
(/usr/share/texlive/texmf-dist/tex/latex/l3backend/l3backend-pdfmode.def
File: l3backend-pdfmode.def 2020-02-03 L3 backend support: PDF mode
\l__kernel_color_stack_int=\count269
\l__pdf_internal_box=\box51
)

LaTeX Warning: Unused global option(s):
    [a4].

(./Systhem Erde.aux)
\openout1 = `"Systhem Erde.aux"'.

LaTeX Font Info:    Checking defaults for OML/cmm/m/it on input line 19.
LaTeX Font Info:    ... okay on input line 19.
LaTeX Font Info:    Checking defaults for OMS/cmsy/m/n on input line 19.
LaTeX Font Info:    ... okay on input line 19.
LaTeX Font Info:    Checking defaults for OT1/cmr/m/n on input line 19.
LaTeX Font Info:    ... okay on input line 19.
LaTeX Font Info:    Checking defaults for T1/cmr/m/n on input line 19.
LaTeX Font Info:    ... okay on input line 19.
LaTeX Font Info:    Checking defaults for TS1/cmr/m/n on input line 19.
LaTeX Font Info:    ... okay on input line 19.
LaTeX Font Info:    Checking defaults for OMX/cmex/m/n on input line 19.
LaTeX Font Info:    ... okay on input line 19.
LaTeX Font Info:    Checking defaults for U/cmr/m/n on input line 19.
LaTeX Font Info:    ... okay on input line 19.
LaTeX Font Info:    Checking defaults for PD1/pdf/m/n on input line 19.
LaTeX Font Info:    ... okay on input line 19.

(/usr/share/texlive/texmf-dist/tex/context/base/mkii/supp-pdf.mkii
[Loading MPS to PDF converter (version 2006.09.02).]
\scratchcounter=\count270
\scratchdimen=\dimen154
\scratchbox=\box52
\nofMPsegments=\count271
\nofMParguments=\count272
\everyMPshowfont=\toks22
\MPscratchCnt=\count273
\MPscratchDim=\dimen155
\MPnumerator=\count274
\makeMPintoPDFobject=\count275
\everyMPtoPDFconversion=\toks23
) (/usr/share/texlive/texmf-dist/tex/latex/epstopdf-pkg/epstopdf-base.sty
Package: epstopdf-base 2020-01-24 v2.11 Base part for package epstopdf
Package epstopdf-base Info: Redefining graphics rule for `.eps' on input line 4
85.

(/usr/share/texlive/texmf-dist/tex/latex/latexconfig/epstopdf-sys.cfg
File: epstopdf-sys.cfg 2010/07/13 v1.3 Configuration of (r)epstopdf for TeX Liv
e
))
\AtBeginShipoutBox=\box53

(/usr/share/texlive/texmf-dist/tex/latex/graphics/color.sty
Package: color 2019/11/23 v1.2a Standard LaTeX Color (DPC)

(/usr/share/texlive/texmf-dist/tex/latex/graphics-cfg/color.cfg
File: color.cfg 2016/01/02 v1.6 sample color configuration
)
Package color Info: Driver file: pdftex.def on input line 147.
)
Package hyperref Info: Link coloring ON on input line 19.

(/usr/share/texlive/texmf-dist/tex/latex/hyperref/nameref.sty
Package: nameref 2019/09/16 v2.46 Cross-referencing by name of section

(/usr/share/texlive/texmf-dist/tex/latex/refcount/refcount.sty
Package: refcount 2019/12/15 v3.6 Data extraction from label references (HO)
)
(/usr/share/texlive/texmf-dist/tex/generic/gettitlestring/gettitlestring.sty
Package: gettitlestring 2019/12/15 v1.6 Cleanup title references (HO)
)
\c@section@level=\count276
)
LaTeX Info: Redefining \ref on input line 19.
LaTeX Info: Redefining \pageref on input line 19.
LaTeX Info: Redefining \nameref on input line 19.

(./Systhem Erde.out) (./Systhem Erde.out)
\@outlinefile=\write3
\openout3 = `"Systhem Erde.out"'.

Class scrreprt Info: loading recommended package `bookmark'.
(scrreprt)           Using `bookmark' together with `hyperref' is recommended,
(scrreprt)           because of handling of possible bookmark level gaps.
(scrreprt)           You can avoid loading `bookmark' with KOMA-Script option
(scrreprt)           `bookmarkpackage=false' before \begin{document} and
(scrreprt)           you can avoid this message adding:
(scrreprt)             \usepackage{bookmark}
(scrreprt)           before \begin{document} on input line 19.

(/usr/share/texlive/texmf-dist/tex/latex/bookmark/bookmark.sty
Package: bookmark 2019/12/03 v1.28 PDF bookmarks (HO)

(/usr/share/texlive/texmf-dist/tex/latex/bookmark/bkm-pdftex.def
File: bkm-pdftex.def 2019/12/03 v1.28 bookmark driver for pdfTeX (HO)
Package auxhook Info: \AddLineBeginMainAux comes a little late,
(auxhook)             because the main .aux file is already opened on input lin
e 168.
\BKM@id=\count277
))
LaTeX Font Info:    Trying to load font information for T1+cmss on input line 2
3.

(/usr/share/texlive/texmf-dist/tex/latex/base/t1cmss.fd
File: t1cmss.fd 2019/12/16 v2.5j Standard LaTeX font definitions
)

LaTeX Warning: No \author given.

[1



{/var/lib/texmf/fonts/map/pdftex/updmap/pdftex.map}] (./Systhem Erde.toc
[2

])
\tf@toc=\write4
\openout4 = `"Systhem Erde.toc"'.

 [3]
chapter 1.

Underfull \hbox (badness 10000) in paragraph at lines 30--33

 []

</home/joni/Schreibtisch/Uni/Mittschriften/System_Erde/Bilder/Graph.jpg, id=136
, 797.22844pt x 562.35094pt>
File: /home/joni/Schreibtisch/Uni/Mittschriften/System_Erde/Bilder/Graph.jpg Gr
aphic file (type jpg)
<use /home/joni/Schreibtisch/Uni/Mittschriften/System_Erde/Bilder/Graph.jpg>
Package pdftex.def Info: /home/joni/Schreibtisch/Uni/Mittschriften/System_Erde/
Bilder/Graph.jpg  used on input line 34.
(pdftex.def)             Requested size: 448.13095pt x 316.09853pt.

Overfull \hbox (11.74713pt too wide) in paragraph at lines 34--35
[][] 
 []


Underfull \hbox (badness 10000) in paragraph at lines 34--35

 []

[4

 </home/joni/Schreibtisch/Uni/Mittschriften/System_Erde/Bilder/Graph.jpg>]
Underfull \hbox (badness 10000) in paragraph at lines 53--54

 []

[5]
Underfull \hbox (badness 10000) in paragraph at lines 78--79

 []

</home/joni/Schreibtisch/Uni/Mittschriften/System_Erde/Bilder/Silikatstruktur1.
jpg, id=158, 749.04843pt x 596.2275pt>
File: /home/joni/Schreibtisch/Uni/Mittschriften/System_Erde/Bilder/Silikatstruk
tur1.jpg Graphic file (type jpg)
<use /home/joni/Schreibtisch/Uni/Mittschriften/System_Erde/Bilder/Silikatstrukt
ur1.jpg>
Package pdftex.def Info: /home/joni/Schreibtisch/Uni/Mittschriften/System_Erde/
Bilder/Silikatstruktur1.jpg  used on input line 80.
(pdftex.def)             Requested size: 358.50612pt x 285.36716pt.
</home/joni/Schreibtisch/Uni/Mittschriften/System_Erde/Bilder/Silikatstruktur2.
jpg, id=159, 755.07094pt x 563.85657pt>
File: /home/joni/Schreibtisch/Uni/Mittschriften/System_Erde/Bilder/Silikatstruk
tur2.jpg Graphic file (type jpg)
<use /home/joni/Schreibtisch/Uni/Mittschriften/System_Erde/Bilder/Silikatstrukt
ur2.jpg>
Package pdftex.def Info: /home/joni/Schreibtisch/Uni/Mittschriften/System_Erde/
Bilder/Silikatstruktur2.jpg  used on input line 82.
(pdftex.def)             Requested size: 358.50612pt x 267.7142pt.

Underfull \hbox (badness 10000) in paragraph at lines 82--83

 []

</home/joni/Schreibtisch/Uni/Mittschriften/System_Erde/Bilder/Silikatstruktur3.
jpg, id=160, 776.14969pt x 586.44093pt>
File: /home/joni/Schreibtisch/Uni/Mittschriften/System_Erde/Bilder/Silikatstruk
tur3.jpg Graphic file (type jpg)
<use /home/joni/Schreibtisch/Uni/Mittschriften/System_Erde/Bilder/Silikatstrukt
ur3.jpg>
Package pdftex.def Info: /home/joni/Schreibtisch/Uni/Mittschriften/System_Erde/
Bilder/Silikatstruktur3.jpg  used on input line 84.
(pdftex.def)             Requested size: 358.50612pt x 270.88464pt.

Underfull \hbox (badness 10000) in paragraph at lines 84--85

 []

[6 </home/joni/Schreibtisch/Uni/Mittschriften/System_Erde/Bilder/Silikatstruktu
r1.jpg> </home/joni/Schreibtisch/Uni/Mittschriften/System_Erde/Bilder/Silikatst
ruktur2.jpg>]
</home/joni/Schreibtisch/Uni/Mittschriften/System_Erde/Bilder/Silikatstruktur4.
jpg, id=165, 778.40813pt x 557.08125pt>
File: /home/joni/Schreibtisch/Uni/Mittschriften/System_Erde/Bilder/Silikatstruk
tur4.jpg Graphic file (type jpg)
<use /home/joni/Schreibtisch/Uni/Mittschriften/System_Erde/Bilder/Silikatstrukt
ur4.jpg>
Package pdftex.def Info: /home/joni/Schreibtisch/Uni/Mittschriften/System_Erde/
Bilder/Silikatstruktur4.jpg  used on input line 86.
(pdftex.def)             Requested size: 358.50612pt x 256.575pt.

Underfull \hbox (badness 10000) in paragraph at lines 86--87

 []

[7 </home/joni/Schreibtisch/Uni/Mittschriften/System_Erde/Bilder/Silikatstruktu
r3.jpg> </home/joni/Schreibtisch/Uni/Mittschriften/System_Erde/Bilder/Silikatst
ruktur4.jpg>]
Underfull \hbox (badness 10000) in paragraph at lines 126--130

 []


Underfull \hbox (badness 10000) in paragraph at lines 132--133

 []

[8]
</home/joni/Schreibtisch/Uni/Mittschriften/System_Erde/Bilder/Meteorimpakt.png,
 id=175, 761.09344pt x 551.81157pt>
File: /home/joni/Schreibtisch/Uni/Mittschriften/System_Erde/Bilder/Meteorimpakt
.png Graphic file (type png)
<use /home/joni/Schreibtisch/Uni/Mittschriften/System_Erde/Bilder/Meteorimpakt.
png>
Package pdftex.def Info: /home/joni/Schreibtisch/Uni/Mittschriften/System_Erde/
Bilder/Meteorimpakt.png  used on input line 157.
(pdftex.def)             Requested size: 358.50612pt x 259.93245pt.
 [9]
</home/joni/Schreibtisch/Uni/Mittschriften/System_Erde/Bilder/impaktstruktur.pn
g, id=182, 770.88pt x 578.16pt>
File: /home/joni/Schreibtisch/Uni/Mittschriften/System_Erde/Bilder/impaktstrukt
ur.png Graphic file (type png)
<use /home/joni/Schreibtisch/Uni/Mittschriften/System_Erde/Bilder/impaktstruktu
r.png>
Package pdftex.def Info: /home/joni/Schreibtisch/Uni/Mittschriften/System_Erde/
Bilder/impaktstruktur.png  used on input line 159.
(pdftex.def)             Requested size: 358.50612pt x 268.8769pt.

Underfull \hbox (badness 10000) in paragraph at lines 164--171

 []

[10 </home/joni/Schreibtisch/Uni/Mittschriften/System_Erde/Bilder/Meteorimpakt.
png> </home/joni/Schreibtisch/Uni/Mittschriften/System_Erde/Bilder/Impaktstrukt
ur.png>]
Underfull \hbox (badness 10000) in paragraph at lines 179--180

 []

[11]
Underfull \hbox (badness 10000) in paragraph at lines 209--211

 []


Underfull \hbox (badness 10000) in paragraph at lines 219--221

 []

</home/joni/Schreibtisch/Uni/Mittschriften/System_Erde/Bilder/seismische Geschw
indigkeiten.png, id=194, 825.0825pt x 557.08125pt>
File: /home/joni/Schreibtisch/Uni/Mittschriften/System_Erde/Bilder/seismische G
eschwindigkeiten.png Graphic file (type png)
<use /home/joni/Schreibtisch/Uni/Mittschriften/System_Erde/Bilder/seismische Ge
schwindigkeiten.png>
Package pdftex.def Info: /home/joni/Schreibtisch/Uni/Mittschriften/System_Erde/
Bilder/seismische Geschwindigkeiten.png  used on input line 244.
(pdftex.def)             Requested size: 358.50612pt x 242.05638pt.

Underfull \hbox (badness 10000) in paragraph at lines 244--245

 []

[12]
</home/joni/Schreibtisch/Uni/Mittschriften/System_Erde/Bilder/Magnetfelder.png,
 id=201, 888.31876pt x 626.34pt>
File: /home/joni/Schreibtisch/Uni/Mittschriften/System_Erde/Bilder/Magnetfelder
.png Graphic file (type png)
<use /home/joni/Schreibtisch/Uni/Mittschriften/System_Erde/Bilder/Magnetfelder.
png>
Package pdftex.def Info: /home/joni/Schreibtisch/Uni/Mittschriften/System_Erde/
Bilder/Magnetfelder.png  used on input line 270.
(pdftex.def)             Requested size: 358.50612pt x 252.77748pt.

Underfull \hbox (badness 10000) in paragraph at lines 270--271

 []

[13 </home/joni/Schreibtisch/Uni/Mittschriften/System_Erde/Bilder/Seismische Ge
schwindigkeiten.png (PNG copy)>]
Underfull \hbox (badness 10000) in paragraph at lines 292--294

 []

[14 </home/joni/Schreibtisch/Uni/Mittschriften/System_Erde/Bilder/Magnetfelder.
png (PNG copy)>]
Overfull \hbox (6.64265pt too wide) in paragraph at lines 295--296
[]\T1/cmr/m/n/12 Divergente Plat-ten-be-we-gung()konstruktiv: Plat-ten ge-hen a
us-ein-an-der $\OMS/cmsy/m/n/12 !$ \T1/cmr/m/n/12 neue Ozea-
 []


Underfull \hbox (badness 10000) in paragraph at lines 295--296

 []


Underfull \hbox (badness 10000) in paragraph at lines 296--297

 []


Underfull \hbox (badness 10000) in paragraph at lines 297--298

 []

</home/joni/Schreibtisch/Uni/Mittschriften/System_Erde/Bilder/destruktive Platt
engrenzen.png, id=216, 871.00406pt x 640.64343pt>
File: /home/joni/Schreibtisch/Uni/Mittschriften/System_Erde/Bilder/destruktive 
Plattengrenzen.png Graphic file (type png)
<use /home/joni/Schreibtisch/Uni/Mittschriften/System_Erde/Bilder/destruktive P
lattengrenzen.png>
Package pdftex.def Info: /home/joni/Schreibtisch/Uni/Mittschriften/System_Erde/
Bilder/destruktive Plattengrenzen.png  used on input line 314.
(pdftex.def)             Requested size: 358.50612pt x 263.68214pt.
</home/joni/Schreibtisch/Uni/Mittschriften/System_Erde/Bilder/konstruktive Plat
tengrenzen.png, id=217, 881.54344pt x 638.385pt>
File: /home/joni/Schreibtisch/Uni/Mittschriften/System_Erde/Bilder/konstruktive
 Plattengrenzen.png Graphic file (type png)
<use /home/joni/Schreibtisch/Uni/Mittschriften/System_Erde/Bilder/konstruktive 
Plattengrenzen.png>
Package pdftex.def Info: /home/joni/Schreibtisch/Uni/Mittschriften/System_Erde/
Bilder/konstruktive Plattengrenzen.png  used on input line 315.
(pdftex.def)             Requested size: 358.50612pt x 259.616pt.

Underfull \hbox (badness 10000) in paragraph at lines 314--316

 []

[15] [16 </home/joni/Schreibtisch/Uni/Mittschriften/System_Erde/Bilder/destrukt
ive Plattengrenzen.png> </home/joni/Schreibtisch/Uni/Mittschriften/System_Erde/
Bilder/konstruktive Plattengrenzen.png>]
Underfull \hbox (badness 10000) in paragraph at lines 339--340

 []

</home/joni/Schreibtisch/Uni/Mittschriften/System_Erde/Bilder/Herdfl√§chenl√∂su
ng.png, id=234, 823.57687pt x 636.12656pt>
File: /home/joni/Schreibtisch/Uni/Mittschriften/System_Erde/Bilder/Herdfl√§chen
l√∂sung.png Graphic file (type png)
<use /home/joni/Schreibtisch/Uni/Mittschriften/System_Erde/Bilder/Herdfl√§chenl
√∂sung.png>
Package pdftex.def Info: /home/joni/Schreibtisch/Uni/Mittschriften/System_Erde/
Bilder/Herdfl√§chenl√∂sung.png  used on input line 347.
(pdftex.def)             Requested size: 358.50612pt x 276.90695pt.

Underfull \hbox (badness 10000) in paragraph at lines 347--348

 []

[17]
Underfull \hbox (badness 10000) in paragraph at lines 349--350

 []

</home/joni/Schreibtisch/Uni/Mittschriften/System_Erde/Bilder/St√∂rungsgeometri
en.png, id=239, 861.2175pt x 654.94687pt>
File: /home/joni/Schreibtisch/Uni/Mittschriften/System_Erde/Bilder/St√∂rungsgeo
metrien.png Graphic file (type png)
<use /home/joni/Schreibtisch/Uni/Mittschriften/System_Erde/Bilder/St√∂rungsgeom
etrien.png>
Package pdftex.def Info: /home/joni/Schreibtisch/Uni/Mittschriften/System_Erde/
Bilder/St√∂rungsgeometrien.png  used on input line 351.
(pdftex.def)             Requested size: 313.69029pt x 238.55893pt.

Underfull \hbox (badness 10000) in paragraph at lines 351--352

 []

[18 </home/joni/Schreibtisch/Uni/Mittschriften/System_Erde/Bilder/Herdfl√§chenl
√∂sung.png> </home/joni/Schreibtisch/Uni/Mittschriften/System_Erde/Bilder/St√∂r
ungsgeometrien.png (PNG copy)>]
Underfull \hbox (badness 10000) in paragraph at lines 366--369

 []

</home/joni/Schreibtisch/Uni/Mittschriften/System_Erde/Bilder/Magmenproduktion.
png, id=245, 882.29625pt x 663.22781pt>
File: /home/joni/Schreibtisch/Uni/Mittschriften/System_Erde/Bilder/Magmenproduk
tion.png Graphic file (type png)
<use /home/joni/Schreibtisch/Uni/Mittschriften/System_Erde/Bilder/Magmenprodukt
ion.png>
Package pdftex.def Info: /home/joni/Schreibtisch/Uni/Mittschriften/System_Erde/
Bilder/Magmenproduktion.png  used on input line 371.
(pdftex.def)             Requested size: 313.69029pt x 235.79666pt.

Underfull \hbox (badness 10000) in paragraph at lines 371--372

 []


Underfull \hbox (badness 10000) in paragraph at lines 373--376

 []


Overfull \hbox (169.51294pt too wide) in paragraph at lines 377--404
[] 
 []


Underfull \hbox (badness 10000) in paragraph at lines 377--404

 []


Underfull \hbox (badness 10000) in paragraph at lines 377--404

 []


Overfull \hbox (111.27306pt too wide) in paragraph at lines 377--404
[] 
 []


Underfull \hbox (badness 10000) in paragraph at lines 377--404

 []

[19 </home/joni/Schreibtisch/Uni/Mittschriften/System_Erde/Bilder/Magmenprodukt
ion.png (PNG copy)>]
</home/joni/Schreibtisch/Uni/Mittschriften/System_Erde/Bilder/Spreizungsraten.p
ng, id=254, 851.43094pt x 613.54219pt>
File: /home/joni/Schreibtisch/Uni/Mittschriften/System_Erde/Bilder/Spreizungsra
ten.png Graphic file (type png)
<use /home/joni/Schreibtisch/Uni/Mittschriften/System_Erde/Bilder/Spreizungsrat
en.png>
Package pdftex.def Info: /home/joni/Schreibtisch/Uni/Mittschriften/System_Erde/
Bilder/Spreizungsraten.png  used on input line 418.
(pdftex.def)             Requested size: 336.0982pt x 242.19203pt.

Underfull \hbox (badness 10000) in paragraph at lines 418--419

 []

[20]
</home/joni/Schreibtisch/Uni/Mittschriften/System_Erde/Bilder/Pillowbasalt.png,
 id=259, 849.1725pt x 651.18282pt>
File: /home/joni/Schreibtisch/Uni/Mittschriften/System_Erde/Bilder/Pillowbasalt
.png Graphic file (type png)
<use /home/joni/Schreibtisch/Uni/Mittschriften/System_Erde/Bilder/Pillowbasalt.
png>
Package pdftex.def Info: /home/joni/Schreibtisch/Uni/Mittschriften/System_Erde/
Bilder/Pillowbasalt.png  used on input line 427.
(pdftex.def)             Requested size: 336.0982pt x 257.73604pt.

Underfull \hbox (badness 10000) in paragraph at lines 427--428

 []

[21 </home/joni/Schreibtisch/Uni/Mittschriften/System_Erde/Bilder/Spreizungsrat
en.png (PNG copy)> </home/joni/Schreibtisch/Uni/Mittschriften/System_Erde/Bilde
r/Pillowbasalt.png (PNG copy)>]
</home/joni/Schreibtisch/Uni/Mittschriften/System_Erde/Bilder/Aufbau Ozeanische
 Kruste.png, id=264, 855.94781pt x 654.19406pt>
File: /home/joni/Schreibtisch/Uni/Mittschriften/System_Erde/Bilder/Aufbau Ozean
ische Kruste.png Graphic file (type png)
<use /home/joni/Schreibtisch/Uni/Mittschriften/System_Erde/Bilder/Aufbau Ozeani
sche Kruste.png>
Package pdftex.def Info: /home/joni/Schreibtisch/Uni/Mittschriften/System_Erde/
Bilder/Aufbau Ozeanische Kruste.png  used on input line 430.
(pdftex.def)             Requested size: 358.50612pt x 274.00098pt.

Underfull \hbox (badness 10000) in paragraph at lines 430--431

 []

</home/joni/Schreibtisch/Uni/Mittschriften/System_Erde/Bilder/Aufbau Ozeanische
 Kruste2.png, id=265, 855.94781pt x 654.19406pt>
File: /home/joni/Schreibtisch/Uni/Mittschriften/System_Erde/Bilder/Aufbau Ozean
ische Kruste2.png Graphic file (type png)
<use /home/joni/Schreibtisch/Uni/Mittschriften/System_Erde/Bilder/Aufbau Ozeani
sche Kruste2.png>
Package pdftex.def Info: /home/joni/Schreibtisch/Uni/Mittschriften/System_Erde/
Bilder/Aufbau Ozeanische Kruste2.png  used on input line 432.
(pdftex.def)             Requested size: 358.50612pt x 274.00098pt.

Underfull \hbox (badness 10000) in paragraph at lines 432--433

 []

[22 </home/joni/Schreibtisch/Uni/Mittschriften/System_Erde/Bilder/Aufbau Ozeani
sche Kruste.png (PNG copy)> </home/joni/Schreibtisch/Uni/Mittschriften/System_E
rde/Bilder/Aufbau Ozeanische Kruste2.png (PNG copy)>]
</home/joni/Schreibtisch/Uni/Mittschriften/System_Erde/Bilder/Ozeanbodenmethamo
rphose.png, id=270, 855.94781pt x 654.19406pt>
File: /home/joni/Schreibtisch/Uni/Mittschriften/System_Erde/Bilder/Ozeanbodenme
thamorphose.png Graphic file (type png)
<use /home/joni/Schreibtisch/Uni/Mittschriften/System_Erde/Bilder/Ozeanbodenmet
hamorphose.png>
Package pdftex.def Info: /home/joni/Schreibtisch/Uni/Mittschriften/System_Erde/
Bilder/Ozeanbodenmethamorphose.png  used on input line 434.
(pdftex.def)             Requested size: 358.50612pt x 274.00098pt.

Underfull \hbox (badness 10000) in paragraph at lines 434--435

 []

</home/joni/Schreibtisch/Uni/Mittschriften/System_Erde/Bilder/Hydrothermale Kon
vektion.png, id=271, 855.94781pt x 654.19406pt>
File: /home/joni/Schreibtisch/Uni/Mittschriften/System_Erde/Bilder/Hydrothermal
e Konvektion.png Graphic file (type png)
<use /home/joni/Schreibtisch/Uni/Mittschriften/System_Erde/Bilder/Hydrothermale
 Konvektion.png>
Package pdftex.def Info: /home/joni/Schreibtisch/Uni/Mittschriften/System_Erde/
Bilder/Hydrothermale Konvektion.png  used on input line 436.
(pdftex.def)             Requested size: 358.50612pt x 274.00098pt.

Underfull \hbox (badness 10000) in paragraph at lines 436--437

 []

</home/joni/Schreibtisch/Uni/Mittschriften/System_Erde/Bilder/subduktion.png, i
d=272, 1205.2528pt x 465.99094pt>
File: /home/joni/Schreibtisch/Uni/Mittschriften/System_Erde/Bilder/subduktion.p
ng Graphic file (type png)
<use /home/joni/Schreibtisch/Uni/Mittschriften/System_Erde/Bilder/subduktion.pn
g>
Package pdftex.def Info: /home/joni/Schreibtisch/Uni/Mittschriften/System_Erde/
Bilder/subduktion.png  used on input line 440.
(pdftex.def)             Requested size: 358.50612pt x 138.61092pt.

Underfull \hbox (badness 10000) in paragraph at lines 440--441

 []

[23 </home/joni/Schreibtisch/Uni/Mittschriften/System_Erde/Bilder/Ozeanbodenmet
hamorphose.png (PNG copy)> </home/joni/Schreibtisch/Uni/Mittschriften/System_Er
de/Bilder/Hydrothermale Konvektion.png (PNG copy)>]
Underfull \hbox (badness 10000) in paragraph at lines 443--445

 []

</home/joni/Schreibtisch/Uni/Mittschriften/System_Erde/Bilder/Vls1.png, id=277,
 1438.6247pt x 711.4078pt>
File: /home/joni/Schreibtisch/Uni/Mittschriften/System_Erde/Bilder/Vls1.png Gra
phic file (type png)
<use /home/joni/Schreibtisch/Uni/Mittschriften/System_Erde/Bilder/Vls1.png>
Package pdftex.def Info: /home/joni/Schreibtisch/Uni/Mittschriften/System_Erde/
Bilder/Vls1.png  used on input line 455.
(pdftex.def)             Requested size: 358.50612pt x 177.27618pt.

Underfull \hbox (badness 10000) in paragraph at lines 455--456

 []

[24 </home/joni/Schreibtisch/Uni/Mittschriften/System_Erde/Bilder/subduktion.pn
g (PNG copy)> </home/joni/Schreibtisch/Uni/Mittschriften/System_Erde/Bilder/Vls
1.png (PNG copy)>]
Underfull \hbox (badness 10000) in paragraph at lines 470--471

 []


Overfull \hbox (1.54378pt too wide) in paragraph at lines 488--489
\T1/cmr/m/n/12 Aus-lau-gung(Verarmung an lˆs-li-chen Kom-po-nen-ten) und-Ak-ku-
mu-la-ti-on(Einwaschen
 []


Underfull \hbox (badness 10000) in paragraph at lines 492--494

 []


Underfull \hbox (badness 10000) in paragraph at lines 494--495

 []


Underfull \hbox (badness 10000) in paragraph at lines 495--496

 []

[25]
Overfull \hbox (132.67648pt too wide) in paragraph at lines 511--517
[] 
 []

[26]
chapter 2.
</home/joni/Schreibtisch/Uni/Mittschriften/System_Erde/Bilder/Klassifikation Se
dimente.png, id=296, 855.94781pt x 466.74374pt>
File: /home/joni/Schreibtisch/Uni/Mittschriften/System_Erde/Bilder/Klassifikati
on Sedimente.png Graphic file (type png)
<use /home/joni/Schreibtisch/Uni/Mittschriften/System_Erde/Bilder/Klassifikatio
n Sedimente.png>
Package pdftex.def Info: /home/joni/Schreibtisch/Uni/Mittschriften/System_Erde/
Bilder/Klassifikation Sedimente.png  used on input line 520.
(pdftex.def)             Requested size: 358.50612pt x 195.48976pt.

Underfull \hbox (badness 10000) in paragraph at lines 520--521

 []


Underfull \hbox (badness 10000) in paragraph at lines 522--525

 []


Underfull \hbox (badness 10000) in paragraph at lines 526--528

 []


Underfull \hbox (badness 10000) in paragraph at lines 530--532

 []


Underfull \hbox (badness 10000) in paragraph at lines 534--536

 []

[27

 </home/joni/Schreibtisch/Uni/Mittschriften/System_Erde/Bilder/Klassifikation S
edimente.png (PNG copy)>]
Underfull \hbox (badness 10000) in paragraph at lines 537--539

 []


Underfull \hbox (badness 10000) in paragraph at lines 542--545

 []

</home/joni/Schreibtisch/Uni/Mittschriften/System_Erde/Bilder/CCD.png, id=301, 
829.59938pt x 598.48593pt>
File: /home/joni/Schreibtisch/Uni/Mittschriften/System_Erde/Bilder/CCD.png Grap
hic file (type png)
<use /home/joni/Schreibtisch/Uni/Mittschriften/System_Erde/Bilder/CCD.png>
Package pdftex.def Info: /home/joni/Schreibtisch/Uni/Mittschriften/System_Erde/
Bilder/CCD.png  used on input line 547.
(pdftex.def)             Requested size: 358.50612pt x 258.63156pt.

Underfull \hbox (badness 10000) in paragraph at lines 547--548

 []

[28 </home/joni/Schreibtisch/Uni/Mittschriften/System_Erde/Bilder/CCD.png (PNG 
copy)>]
Underfull \hbox (badness 10000) in paragraph at lines 550--551

 []

</home/joni/Schreibtisch/Uni/Mittschriften/System_Erde/Bilder/Kalzitbestandteil
e.png, id=306, 855.94781pt x 420.82219pt>
File: /home/joni/Schreibtisch/Uni/Mittschriften/System_Erde/Bilder/Kalzitbestan
dteile.png Graphic file (type png)
<use /home/joni/Schreibtisch/Uni/Mittschriften/System_Erde/Bilder/Kalzitbestand
teile.png>
Package pdftex.def Info: /home/joni/Schreibtisch/Uni/Mittschriften/System_Erde/
Bilder/Kalzitbestandteile.png  used on input line 552.
(pdftex.def)             Requested size: 358.50612pt x 176.25609pt.

Underfull \hbox (badness 10000) in paragraph at lines 552--553

 []


Underfull \hbox (badness 10000) in paragraph at lines 564--566

 []

Package atveryend Info: Empty hook `BeforeClearDocument' on input line 574.
[29 </home/joni/Schreibtisch/Uni/Mittschriften/System_Erde/Bilder/Kalzitbestand
teile.png (PNG copy)>]
Package atveryend Info: Empty hook `AfterLastShipout' on input line 574.
 (./Systhem Erde.aux)
Package atveryend Info: Executing hook `AtVeryEndDocument' on input line 574.
Package atveryend Info: Executing hook `AtEndAfterFileList' on input line 574.
Package rerunfilecheck Info: File `"Systhem Erde".out' has not changed.
(rerunfilecheck)             Checksum: D41D8CD98F00B204E9800998ECF8427E;0.
Package atveryend Info: Empty hook `AtVeryVeryEnd' on input line 574.
 ) 
Here is how much of TeX's memory you used:
 10307 strings out of 483089
 186146 string characters out of 5962867
 567729 words of memory out of 5000000
 25050 multiletter control sequences out of 15000+600000
 543378 words of font info for 49 fonts, out of 8000000 for 9000
 36 hyphenation exceptions out of 8191
 43i,13n,72p,10109b,536s stack positions out of 5000i,500n,10000p,200000b,80000s
 </home/joni/.texlive2019/texmf-var/fonts/pk/ljfour/jknappen/ec/ecbx1200.600p
k> </home/joni/.texlive2019/texmf-var/fonts/pk/ljfour/jknappen/ec/tcrm1200.600p
k> </home/joni/.texlive2019/texmf-var/fonts/pk/ljfour/jknappen/ec/ecsx1440.600p
k> </home/joni/.texlive2019/texmf-var/fonts/pk/ljfour/jknappen/ec/ecsx1728.600p
k> </home/joni/.texlive2019/texmf-var/fonts/pk/ljfour/jknappen/ec/ecrm1200.600p
k> </home/joni/.texlive2019/texmf-var/fonts/pk/ljfour/jknappen/ec/ecsx1200.600p
k> </home/joni/.texlive2019/texmf-var/fonts/pk/ljfour/jknappen/ec/ecrm1728.600p
k> </home/joni/.texlive2019/texmf-var/fonts/pk/ljfour/jknappen/ec/ecsx2488.600p
k></usr/share/texlive/texmf-dist/fonts/type1/public/amsfonts/cm/cmmi12.pfb></us
r/share/texlive/texmf-dist/fonts/type1/public/amsfonts/cm/cmmi6.pfb></usr/share
/texlive/texmf-dist/fonts/type1/public/amsfonts/cm/cmmi8.pfb></usr/share/texliv
e/texmf-dist/fonts/type1/public/amsfonts/cm/cmr12.pfb></usr/share/texlive/texmf
-dist/fonts/type1/public/amsfonts/cm/cmr6.pfb></usr/share/texlive/texmf-dist/fo
nts/type1/public/amsfonts/cm/cmr8.pfb></usr/share/texlive/texmf-dist/fonts/type
1/public/amsfonts/cm/cmsy10.pfb></usr/share/texlive/texmf-dist/fonts/type1/publ
ic/amsfonts/cm/cmsy8.pfb>
Output written on "Systhem Erde.pdf" (29 pages, 12131692 bytes).
PDF statistics:
 867 PDF objects out of 1000 (max. 8388607)
 499 compressed objects within 5 object streams
 112 named destinations out of 1000 (max. 500000)
 606 words of extra memory for PDF output out of 10000 (max. 10000000)

